Поиск фильмов
Поиск фильмов
Поиск фильмов
Поиск фильмов
Поиск фильмов
Поиск фильмов
Поиск фильмов
Поиск фильмов
Поиск фильмов
Поиск фильмов
Поиск фильмов
Поиск фильмов
Поиск фильмов
Поиск фильмов
Поиск фильмов
Поиск фильмов
Поиск фильмов
Поиск фильмов
New booking created: admin - Исходный код - 2025-06-05 18:26:29+00:00 - A1
Поиск фильмов
Поиск фильмов
Поиск фильмов
New booking created: admin - Исходный код - 2025-06-05 18:26:29+00:00 - C5
New booking created: admin - Исходный код - 2025-06-05 18:26:29+00:00 - A5
New booking created: admin - Исходный код - 2025-06-05 18:26:29+00:00 - A9
Поиск фильмов
Booking canceled: admin - Исходный код - 2025-06-05 18:26:29+00:00 - C5
New booking created: admin - Исходный код - 2025-06-05 20:26:42+00:00 - C9
New booking created: admin - Исходный код - 2025-06-05 18:26:29+00:00 - E1
Поиск фильмов
Поиск фильмов
Поиск фильмов
Поиск фильмов
Поиск фильмов
Поиск фильмов
New booking created: admin - Исходный код - 2025-06-05 18:26:29+00:00 - C6
